[ 2018-06-01T06:43:35+08:00 ] 127.0.0.1 /index.php/Admin
NOTIC: [2] Use of undefined constant SHOW_PAGE_TRACE - assumed 'SHOW_PAGE_TRACE' (this will throw an Error in a future version of PHP) /Users/mutou/Workspace/phpspace/wxapp/back/App/Common/Conf/debug.php 第 4 行.
INFO: [ app_init ] --START--
INFO: Run Behavior\BuildLiteBehavior [ RunTime:0.000006s ]
INFO: [ app_init ] --END-- [ RunTime:0.000023s ]
ERR: 无法加载模块:NFO

[ 2018-06-01T06:43:36+08:00 ] 127.0.0.1 /favicon.ico
NOTIC: [2] Use of undefined constant SHOW_PAGE_TRACE - assumed 'SHOW_PAGE_TRACE' (this will throw an Error in a future version of PHP) /Users/mutou/Workspace/phpspace/wxapp/back/App/Common/Conf/debug.php 第 4 行.
INFO: [ app_init ] --START--
INFO: Run Behavior\BuildLiteBehavior [ RunTime:0.000005s ]
INFO: [ app_init ] --END-- [ RunTime:0.000022s ]
ERR: 无法加载模块:Favicon

[ 2018-06-01T06:44:39+08:00 ] 127.0.0.1 /index.php/Admin/Page/adminindex.html
NOTIC: [2] Use of undefined constant SHOW_PAGE_TRACE - assumed 'SHOW_PAGE_TRACE' (this will throw an Error in a future version of PHP) /Users/mutou/Workspace/phpspace/wxapp/back/App/Common/Conf/debug.php 第 4 行.
INFO: [ app_init ] --START--
INFO: Run Behavior\BuildLiteBehavior [ RunTime:0.000008s ]
INFO: [ app_init ] --END-- [ RunTime:0.000034s ]
ERR: 无法加载模块:Index

[ 2018-06-01T06:44:50+08:00 ] 127.0.0.1 /index.php/Admin/More/setup.html
NOTIC: [2] Use of undefined constant SHOW_PAGE_TRACE - assumed 'SHOW_PAGE_TRACE' (this will throw an Error in a future version of PHP) /Users/mutou/Workspace/phpspace/wxapp/back/App/Common/Conf/debug.php 第 4 行.
INFO: [ app_init ] --START--
INFO: Run Behavior\BuildLiteBehavior [ RunTime:0.000005s ]
INFO: [ app_init ] --END-- [ RunTime:0.000022s ]
ERR: 无法加载模块:Setup

