[ 2018-05-31T10:47:30+08:00 ] 127.0.0.1 /index.php/admin
NOTIC: [2] Use of undefined constant SHOW_PAGE_TRACE - assumed 'SHOW_PAGE_TRACE' (this will throw an Error in a future version of PHP) /Users/mutou/Workspace/phpspace/wxapp/back/App/Common/Conf/debug.php 第 4 行.
INFO: [ app_init ] --START--
INFO: Run Behavior\BuildLiteBehavior [ RunTime:0.000004s ]
INFO: [ app_init ] --END-- [ RunTime:0.000017s ]
INFO: [ app_begin ] --START--
INFO: Run Behavior\ReadHtmlCacheBehavior [ RunTime:0.000039s ]
INFO: [ app_begin ] --END-- [ RunTime:0.000059s ]

[ 2018-05-31T10:47:32+08:00 ] 127.0.0.1 /index.php/Admin/Login/index.html
NOTIC: [2] Use of undefined constant SHOW_PAGE_TRACE - assumed 'SHOW_PAGE_TRACE' (this will throw an Error in a future version of PHP) /Users/mutou/Workspace/phpspace/wxapp/back/App/Common/Conf/debug.php 第 4 行.
INFO: [ app_init ] --START--
INFO: Run Behavior\BuildLiteBehavior [ RunTime:0.000004s ]
INFO: [ app_init ] --END-- [ RunTime:0.000016s ]
INFO: [ app_begin ] --START--
INFO: Run Behavior\ReadHtmlCacheBehavior [ RunTime:0.000018s ]
INFO: [ app_begin ] --END-- [ RunTime:0.000030s ]
ERR: SQLSTATE[HY000] [1045] Access denied for user ''@'localhost' (using password: NO)

[ 2018-05-31T11:46:50+08:00 ] 127.0.0.1 /index.php/admin
NOTIC: [2] Use of undefined constant SHOW_PAGE_TRACE - assumed 'SHOW_PAGE_TRACE' (this will throw an Error in a future version of PHP) /Users/mutou/Workspace/phpspace/wxapp/back/App/Common/Conf/debug.php 第 4 行.
INFO: [ app_init ] --START--
INFO: Run Behavior\BuildLiteBehavior [ RunTime:0.000005s ]
INFO: [ app_init ] --END-- [ RunTime:0.000034s ]
INFO: [ app_begin ] --START--
INFO: Run Behavior\ReadHtmlCacheBehavior [ RunTime:0.000034s ]
INFO: [ app_begin ] --END-- [ RunTime:0.000053s ]

[ 2018-05-31T11:46:53+08:00 ] 127.0.0.1 /index.php/Admin/Login/index.html
NOTIC: [2] Use of undefined constant SHOW_PAGE_TRACE - assumed 'SHOW_PAGE_TRACE' (this will throw an Error in a future version of PHP) /Users/mutou/Workspace/phpspace/wxapp/back/App/Common/Conf/debug.php 第 4 行.
INFO: [ app_init ] --START--
INFO: Run Behavior\BuildLiteBehavior [ RunTime:0.000006s ]
INFO: [ app_init ] --END-- [ RunTime:0.000024s ]
INFO: [ app_begin ] --START--
INFO: Run Behavior\ReadHtmlCacheBehavior [ RunTime:0.000046s ]
INFO: [ app_begin ] --END-- [ RunTime:0.000063s ]
ERR: SQLSTATE[HY000] [1049] Unknown database 'wxapp'

[ 2018-05-31T11:47:08+08:00 ] 127.0.0.1 /index.php/Admin/Login/index.html
NOTIC: [2] Use of undefined constant SHOW_PAGE_TRACE - assumed 'SHOW_PAGE_TRACE' (this will throw an Error in a future version of PHP) /Users/mutou/Workspace/phpspace/wxapp/back/App/Common/Conf/debug.php 第 4 行.
INFO: [ app_init ] --START--
INFO: Run Behavior\BuildLiteBehavior [ RunTime:0.000004s ]
INFO: [ app_init ] --END-- [ RunTime:0.000019s ]
INFO: [ app_begin ] --START--
INFO: Run Behavior\ReadHtmlCacheBehavior [ RunTime:0.000044s ]
INFO: [ app_begin ] --END-- [ RunTime:0.000060s ]
SQL: SHOW COLUMNS FROM `lr_program` [ RunTime:0.0010s ]
SQL: SELECT * FROM `lr_program` LIMIT 1   [ RunTime:0.0003s ]
INFO: [ view_parse ] --START--
INFO: [ template_filter ] --START--
INFO: Run Behavior\ContentReplaceBehavior [ RunTime:0.000027s ]
INFO: [ template_filter ] --END-- [ RunTime:0.000049s ]
NOTIC: [8] Undefined variable: key /Users/mutou/Workspace/phpspace/wxapp/back/App/Runtime/Cache/Admin/f0f0edaa955fd2857dedea53d1ab9ca3.php 第 35 行.
INFO: Run Behavior\ParseTemplateBehavior [ RunTime:0.003427s ]
INFO: [ view_parse ] --END-- [ RunTime:0.003448s ]
INFO: [ view_filter ] --START--
INFO: Run Behavior\WriteHtmlCacheBehavior [ RunTime:0.000054s ]
INFO: [ view_filter ] --END-- [ RunTime:0.000067s ]
INFO: [ app_end ] --START--
INFO: Run Behavior\ShowPageTraceBehavior [ RunTime:0.000042s ]
INFO: [ app_end ] --END-- [ RunTime:0.000052s ]

[ 2018-05-31T11:47:15+08:00 ] 127.0.0.1 /index.php/Admin/Login/index.html?key=
NOTIC: [2] Use of undefined constant SHOW_PAGE_TRACE - assumed 'SHOW_PAGE_TRACE' (this will throw an Error in a future version of PHP) /Users/mutou/Workspace/phpspace/wxapp/back/App/Common/Conf/debug.php 第 4 行.
INFO: [ app_init ] --START--
INFO: Run Behavior\BuildLiteBehavior [ RunTime:0.000005s ]
INFO: [ app_init ] --END-- [ RunTime:0.000022s ]
INFO: [ app_begin ] --START--
INFO: Run Behavior\ReadHtmlCacheBehavior [ RunTime:0.000028s ]
INFO: [ app_begin ] --END-- [ RunTime:0.000040s ]
SQL: SHOW COLUMNS FROM `lr_adminuser` [ RunTime:0.0012s ]
SQL: SELECT * FROM `lr_adminuser` WHERE ( name='admin' AND del<1 ) LIMIT 1   [ RunTime:0.0009s ]
SQL: SHOW COLUMNS FROM `lr_program` [ RunTime:0.0016s ]
SQL: SELECT * FROM `lr_program` LIMIT 1   [ RunTime:0.0013s ]
INFO: [ view_parse ] --START--
INFO: [ template_filter ] --START--
INFO: Run Behavior\ContentReplaceBehavior [ RunTime:0.000023s ]
INFO: [ template_filter ] --END-- [ RunTime:0.000043s ]
INFO: Run Behavior\ParseTemplateBehavior [ RunTime:0.004287s ]
INFO: [ view_parse ] --END-- [ RunTime:0.004519s ]
INFO: [ view_filter ] --START--
INFO: Run Behavior\WriteHtmlCacheBehavior [ RunTime:0.000038s ]
INFO: [ view_filter ] --END-- [ RunTime:0.000046s ]

[ 2018-05-31T11:47:39+08:00 ] 127.0.0.1 /index.php/Admin/Login/index.html?key=
NOTIC: [2] Use of undefined constant SHOW_PAGE_TRACE - assumed 'SHOW_PAGE_TRACE' (this will throw an Error in a future version of PHP) /Users/mutou/Workspace/phpspace/wxapp/back/App/Common/Conf/debug.php 第 4 行.
INFO: [ app_init ] --START--
INFO: Run Behavior\BuildLiteBehavior [ RunTime:0.000006s ]
INFO: [ app_init ] --END-- [ RunTime:0.000024s ]
INFO: [ app_begin ] --START--
INFO: Run Behavior\ReadHtmlCacheBehavior [ RunTime:0.000039s ]
INFO: [ app_begin ] --END-- [ RunTime:0.000056s ]
SQL: SHOW COLUMNS FROM `lr_adminuser` [ RunTime:0.0011s ]
SQL: SELECT * FROM `lr_adminuser` WHERE ( name='admin' AND del<1 ) LIMIT 1   [ RunTime:0.0003s ]
SQL: SHOW COLUMNS FROM `lr_program` [ RunTime:0.0007s ]
SQL: SELECT * FROM `lr_program` LIMIT 1   [ RunTime:0.0005s ]
INFO: [ view_parse ] --START--
INFO: [ template_filter ] --START--
INFO: Run Behavior\ContentReplaceBehavior [ RunTime:0.000025s ]
INFO: [ template_filter ] --END-- [ RunTime:0.000053s ]
INFO: Run Behavior\ParseTemplateBehavior [ RunTime:0.001734s ]
INFO: [ view_parse ] --END-- [ RunTime:0.001760s ]
INFO: [ view_filter ] --START--
INFO: Run Behavior\WriteHtmlCacheBehavior [ RunTime:0.000032s ]
INFO: [ view_filter ] --END-- [ RunTime:0.000039s ]

[ 2018-05-31T11:48:04+08:00 ] 127.0.0.1 /index.php/Admin/Login/index.html?key=
NOTIC: [2] Use of undefined constant SHOW_PAGE_TRACE - assumed 'SHOW_PAGE_TRACE' (this will throw an Error in a future version of PHP) /Users/mutou/Workspace/phpspace/wxapp/back/App/Common/Conf/debug.php 第 4 行.
INFO: [ app_init ] --START--
INFO: Run Behavior\BuildLiteBehavior [ RunTime:0.000007s ]
INFO: [ app_init ] --END-- [ RunTime:0.000026s ]
INFO: [ app_begin ] --START--
INFO: Run Behavior\ReadHtmlCacheBehavior [ RunTime:0.000038s ]
INFO: [ app_begin ] --END-- [ RunTime:0.000056s ]
SQL: SHOW COLUMNS FROM `lr_adminuser` [ RunTime:0.0009s ]
SQL: SELECT * FROM `lr_adminuser` WHERE ( name='admin' AND del<1 ) LIMIT 1   [ RunTime:0.0011s ]
SQL: SHOW COLUMNS FROM `lr_program` [ RunTime:0.0016s ]
SQL: SELECT * FROM `lr_program` LIMIT 1   [ RunTime:0.0004s ]
INFO: [ view_parse ] --START--
INFO: [ template_filter ] --START--
INFO: Run Behavior\ContentReplaceBehavior [ RunTime:0.000023s ]
INFO: [ template_filter ] --END-- [ RunTime:0.000042s ]
INFO: Run Behavior\ParseTemplateBehavior [ RunTime:0.000898s ]
INFO: [ view_parse ] --END-- [ RunTime:0.000917s ]
INFO: [ view_filter ] --START--
INFO: Run Behavior\WriteHtmlCacheBehavior [ RunTime:0.000029s ]
INFO: [ view_filter ] --END-- [ RunTime:0.000036s ]

[ 2018-05-31T11:48:11+08:00 ] 127.0.0.1 /index.php/Admin/
NOTIC: [2] Use of undefined constant SHOW_PAGE_TRACE - assumed 'SHOW_PAGE_TRACE' (this will throw an Error in a future version of PHP) /Users/mutou/Workspace/phpspace/wxapp/back/App/Common/Conf/debug.php 第 4 行.
INFO: [ app_init ] --START--
INFO: Run Behavior\BuildLiteBehavior [ RunTime:0.000004s ]
INFO: [ app_init ] --END-- [ RunTime:0.000016s ]
INFO: [ app_begin ] --START--
INFO: Run Behavior\ReadHtmlCacheBehavior [ RunTime:0.000021s ]
INFO: [ app_begin ] --END-- [ RunTime:0.000032s ]

[ 2018-05-31T11:48:13+08:00 ] 127.0.0.1 /index.php/Admin/Login/index.html
NOTIC: [2] Use of undefined constant SHOW_PAGE_TRACE - assumed 'SHOW_PAGE_TRACE' (this will throw an Error in a future version of PHP) /Users/mutou/Workspace/phpspace/wxapp/back/App/Common/Conf/debug.php 第 4 行.
INFO: [ app_init ] --START--
INFO: Run Behavior\BuildLiteBehavior [ RunTime:0.000006s ]
INFO: [ app_init ] --END-- [ RunTime:0.000026s ]
INFO: [ app_begin ] --START--
INFO: Run Behavior\ReadHtmlCacheBehavior [ RunTime:0.000029s ]
INFO: [ app_begin ] --END-- [ RunTime:0.000045s ]
SQL: SHOW COLUMNS FROM `lr_program` [ RunTime:0.0015s ]
SQL: SELECT * FROM `lr_program` LIMIT 1   [ RunTime:0.0009s ]
INFO: [ view_parse ] --START--
INFO: [ template_filter ] --START--
INFO: Run Behavior\ContentReplaceBehavior [ RunTime:0.000078s ]
INFO: [ template_filter ] --END-- [ RunTime:0.000114s ]
NOTIC: [8] Undefined variable: key /Users/mutou/Workspace/phpspace/wxapp/back/App/Runtime/Cache/Admin/f0f0edaa955fd2857dedea53d1ab9ca3.php 第 35 行.
INFO: Run Behavior\ParseTemplateBehavior [ RunTime:0.001967s ]
INFO: [ view_parse ] --END-- [ RunTime:0.001999s ]
INFO: [ view_filter ] --START--
INFO: Run Behavior\WriteHtmlCacheBehavior [ RunTime:0.000047s ]
INFO: [ view_filter ] --END-- [ RunTime:0.000057s ]
INFO: [ app_end ] --START--
INFO: Run Behavior\ShowPageTraceBehavior [ RunTime:0.000031s ]
INFO: [ app_end ] --END-- [ RunTime:0.000042s ]

[ 2018-05-31T11:48:59+08:00 ] 127.0.0.1 /index.php/Admin/Login/index.html?key=
NOTIC: [2] Use of undefined constant SHOW_PAGE_TRACE - assumed 'SHOW_PAGE_TRACE' (this will throw an Error in a future version of PHP) /Users/mutou/Workspace/phpspace/wxapp/back/App/Common/Conf/debug.php 第 4 行.
INFO: [ app_init ] --START--
INFO: Run Behavior\BuildLiteBehavior [ RunTime:0.000005s ]
INFO: [ app_init ] --END-- [ RunTime:0.000018s ]
INFO: [ app_begin ] --START--
INFO: Run Behavior\ReadHtmlCacheBehavior [ RunTime:0.000039s ]
INFO: [ app_begin ] --END-- [ RunTime:0.000052s ]
SQL: SHOW COLUMNS FROM `lr_adminuser` [ RunTime:0.0007s ]
SQL: SELECT * FROM `lr_adminuser` WHERE ( name='admin' AND del<1 ) LIMIT 1   [ RunTime:0.0005s ]
SQL: SHOW COLUMNS FROM `lr_program` [ RunTime:0.0011s ]
SQL: SELECT * FROM `lr_program` LIMIT 1   [ RunTime:0.0013s ]
INFO: [ view_parse ] --START--
INFO: [ template_filter ] --START--
INFO: Run Behavior\ContentReplaceBehavior [ RunTime:0.000053s ]
INFO: [ template_filter ] --END-- [ RunTime:0.000120s ]
INFO: Run Behavior\ParseTemplateBehavior [ RunTime:0.001198s ]
INFO: [ view_parse ] --END-- [ RunTime:0.001222s ]
INFO: [ view_filter ] --START--
INFO: Run Behavior\WriteHtmlCacheBehavior [ RunTime:0.000032s ]
INFO: [ view_filter ] --END-- [ RunTime:0.000040s ]

[ 2018-05-31T11:52:04+08:00 ] 127.0.0.1 /index.php/Admin/Login/index.html?key=
NOTIC: [2] Use of undefined constant SHOW_PAGE_TRACE - assumed 'SHOW_PAGE_TRACE' (this will throw an Error in a future version of PHP) /Users/mutou/Workspace/phpspace/wxapp/back/App/Common/Conf/debug.php 第 4 行.
INFO: [ app_init ] --START--
INFO: Run Behavior\BuildLiteBehavior [ RunTime:0.000006s ]
INFO: [ app_init ] --END-- [ RunTime:0.000025s ]
INFO: [ app_begin ] --START--
INFO: Run Behavior\ReadHtmlCacheBehavior [ RunTime:0.000041s ]
INFO: [ app_begin ] --END-- [ RunTime:0.000059s ]
SQL: SHOW COLUMNS FROM `lr_adminuser` [ RunTime:0.0007s ]
SQL: SELECT * FROM `lr_adminuser` WHERE ( name='admin' AND del<1 ) LIMIT 1   [ RunTime:0.0003s ]
SQL: SHOW COLUMNS FROM `lr_program` [ RunTime:0.0006s ]
SQL: SELECT * FROM `lr_program` LIMIT 1   [ RunTime:0.0002s ]
NOTIC: [8] Undefined index: shop_id /Users/mutou/Workspace/phpspace/wxapp/back/App/Admin/Controller/LoginController.class.php 第 21 行.
INFO: [ app_end ] --START--
INFO: Run Behavior\ShowPageTraceBehavior [ RunTime:0.000052s ]
INFO: [ app_end ] --END-- [ RunTime:0.000063s ]

[ 2018-05-31T11:52:06+08:00 ] 127.0.0.1 /index.php/Admin/Index/index.html
NOTIC: [2] Use of undefined constant SHOW_PAGE_TRACE - assumed 'SHOW_PAGE_TRACE' (this will throw an Error in a future version of PHP) /Users/mutou/Workspace/phpspace/wxapp/back/App/Common/Conf/debug.php 第 4 行.
INFO: [ app_init ] --START--
INFO: Run Behavior\BuildLiteBehavior [ RunTime:0.000006s ]
INFO: [ app_init ] --END-- [ RunTime:0.000056s ]
INFO: [ app_begin ] --START--
INFO: Run Behavior\ReadHtmlCacheBehavior [ RunTime:0.000049s ]
INFO: [ app_begin ] --END-- [ RunTime:0.000077s ]
SQL: SHOW COLUMNS FROM `lr_web` [ RunTime:0.0006s ]
SQL: SELECT `concent` FROM `lr_web` WHERE ( id=5 ) LIMIT 1   [ RunTime:0.0003s ]
INFO: [ view_parse ] --START--
INFO: [ template_filter ] --START--
INFO: Run Behavior\ContentReplaceBehavior [ RunTime:0.000050s ]
INFO: [ template_filter ] --END-- [ RunTime:0.000083s ]
INFO: Run Behavior\ParseTemplateBehavior [ RunTime:0.005352s ]
INFO: [ view_parse ] --END-- [ RunTime:0.005373s ]
INFO: [ view_filter ] --START--
INFO: Run Behavior\WriteHtmlCacheBehavior [ RunTime:0.000037s ]
INFO: [ view_filter ] --END-- [ RunTime:0.000046s ]
INFO: [ app_end ] --START--
INFO: Run Behavior\ShowPageTraceBehavior [ RunTime:0.000125s ]
INFO: [ app_end ] --END-- [ RunTime:0.000167s ]

[ 2018-05-31T11:52:06+08:00 ] 127.0.0.1 /index.php/Admin/Page/adminindex.html
NOTIC: [2] Use of undefined constant SHOW_PAGE_TRACE - assumed 'SHOW_PAGE_TRACE' (this will throw an Error in a future version of PHP) /Users/mutou/Workspace/phpspace/wxapp/back/App/Common/Conf/debug.php 第 4 行.
INFO: [ app_init ] --START--
INFO: Run Behavior\BuildLiteBehavior [ RunTime:0.000005s ]
INFO: [ app_init ] --END-- [ RunTime:0.000022s ]
INFO: [ app_begin ] --START--
INFO: Run Behavior\ReadHtmlCacheBehavior [ RunTime:0.000021s ]
INFO: [ app_begin ] --END-- [ RunTime:0.000033s ]
INFO: [ view_parse ] --START--
INFO: [ template_filter ] --START--
INFO: Run Behavior\ContentReplaceBehavior [ RunTime:0.000040s ]
INFO: [ template_filter ] --END-- [ RunTime:0.000081s ]
INFO: Run Behavior\ParseTemplateBehavior [ RunTime:0.001920s ]
INFO: [ view_parse ] --END-- [ RunTime:0.001960s ]
INFO: [ view_filter ] --START--
INFO: Run Behavior\WriteHtmlCacheBehavior [ RunTime:0.000042s ]
INFO: [ view_filter ] --END-- [ RunTime:0.000058s ]
INFO: [ app_end ] --START--
INFO: Run Behavior\ShowPageTraceBehavior [ RunTime:0.000035s ]
INFO: [ app_end ] --END-- [ RunTime:0.000049s ]

[ 2018-05-31T11:52:12+08:00 ] 127.0.0.1 /index.php/Admin/More/setup.html
NOTIC: [2] Use of undefined constant SHOW_PAGE_TRACE - assumed 'SHOW_PAGE_TRACE' (this will throw an Error in a future version of PHP) /Users/mutou/Workspace/phpspace/wxapp/back/App/Common/Conf/debug.php 第 4 行.
INFO: [ app_init ] --START--
INFO: Run Behavior\BuildLiteBehavior [ RunTime:0.000004s ]
INFO: [ app_init ] --END-- [ RunTime:0.000017s ]
INFO: [ app_begin ] --START--
INFO: Run Behavior\ReadHtmlCacheBehavior [ RunTime:0.000035s ]
INFO: [ app_begin ] --END-- [ RunTime:0.000055s ]
SQL: SHOW COLUMNS FROM `lr_program` [ RunTime:0.0007s ]
SQL: SELECT * FROM `lr_program` WHERE ( id=1 ) LIMIT 1   [ RunTime:0.0003s ]
INFO: [ view_parse ] --START--
INFO: [ template_filter ] --START--
INFO: Run Behavior\ContentReplaceBehavior [ RunTime:0.000033s ]
INFO: [ template_filter ] --END-- [ RunTime:0.000048s ]
INFO: Run Behavior\ParseTemplateBehavior [ RunTime:0.001825s ]
INFO: [ view_parse ] --END-- [ RunTime:0.001840s ]
INFO: [ view_filter ] --START--
INFO: Run Behavior\WriteHtmlCacheBehavior [ RunTime:0.000035s ]
INFO: [ view_filter ] --END-- [ RunTime:0.000042s ]
INFO: [ app_end ] --START--
INFO: Run Behavior\ShowPageTraceBehavior [ RunTime:0.000024s ]
INFO: [ app_end ] --END-- [ RunTime:0.000030s ]

[ 2018-05-31T13:38:27+08:00 ] 127.0.0.1 /index.php/Admin/Index/index.html
NOTIC: [2] Use of undefined constant SHOW_PAGE_TRACE - assumed 'SHOW_PAGE_TRACE' (this will throw an Error in a future version of PHP) /Users/mutou/Workspace/phpspace/wxapp/back/App/Common/Conf/debug.php 第 4 行.
INFO: [ app_init ] --START--
INFO: Run Behavior\BuildLiteBehavior [ RunTime:0.000004s ]
INFO: [ app_init ] --END-- [ RunTime:0.000017s ]
INFO: [ app_begin ] --START--
INFO: Run Behavior\ReadHtmlCacheBehavior [ RunTime:0.000029s ]
INFO: [ app_begin ] --END-- [ RunTime:0.000040s ]
SQL: SHOW COLUMNS FROM `lr_web` [ RunTime:0.0004s ]
SQL: SELECT `concent` FROM `lr_web` WHERE ( id=5 ) LIMIT 1   [ RunTime:0.0002s ]
INFO: [ view_parse ] --START--
INFO: [ template_filter ] --START--
INFO: Run Behavior\ContentReplaceBehavior [ RunTime:0.000045s ]
INFO: [ template_filter ] --END-- [ RunTime:0.000067s ]
INFO: Run Behavior\ParseTemplateBehavior [ RunTime:0.002231s ]
INFO: [ view_parse ] --END-- [ RunTime:0.002248s ]
INFO: [ view_filter ] --START--
INFO: Run Behavior\WriteHtmlCacheBehavior [ RunTime:0.000040s ]
INFO: [ view_filter ] --END-- [ RunTime:0.000047s ]
INFO: [ app_end ] --START--
INFO: Run Behavior\ShowPageTraceBehavior [ RunTime:0.000038s ]
INFO: [ app_end ] --END-- [ RunTime:0.000049s ]

[ 2018-05-31T13:38:27+08:00 ] 127.0.0.1 /index.php/Admin/Page/adminindex.html
NOTIC: [2] Use of undefined constant SHOW_PAGE_TRACE - assumed 'SHOW_PAGE_TRACE' (this will throw an Error in a future version of PHP) /Users/mutou/Workspace/phpspace/wxapp/back/App/Common/Conf/debug.php 第 4 行.
INFO: [ app_init ] --START--
INFO: Run Behavior\BuildLiteBehavior [ RunTime:0.000006s ]
INFO: [ app_init ] --END-- [ RunTime:0.000027s ]
INFO: [ app_begin ] --START--
INFO: Run Behavior\ReadHtmlCacheBehavior [ RunTime:0.000028s ]
INFO: [ app_begin ] --END-- [ RunTime:0.000046s ]
INFO: [ view_parse ] --START--
INFO: [ template_filter ] --START--
INFO: Run Behavior\ContentReplaceBehavior [ RunTime:0.000033s ]
INFO: [ template_filter ] --END-- [ RunTime:0.000062s ]
INFO: Run Behavior\ParseTemplateBehavior [ RunTime:0.001351s ]
INFO: [ view_parse ] --END-- [ RunTime:0.001379s ]
INFO: [ view_filter ] --START--
INFO: Run Behavior\WriteHtmlCacheBehavior [ RunTime:0.000038s ]
INFO: [ view_filter ] --END-- [ RunTime:0.000050s ]
INFO: [ app_end ] --START--
INFO: Run Behavior\ShowPageTraceBehavior [ RunTime:0.000027s ]
INFO: [ app_end ] --END-- [ RunTime:0.000038s ]

[ 2018-05-31T13:38:32+08:00 ] 127.0.0.1 /index.php/Admin/More/setup.html
NOTIC: [2] Use of undefined constant SHOW_PAGE_TRACE - assumed 'SHOW_PAGE_TRACE' (this will throw an Error in a future version of PHP) /Users/mutou/Workspace/phpspace/wxapp/back/App/Common/Conf/debug.php 第 4 行.
INFO: [ app_init ] --START--
INFO: Run Behavior\BuildLiteBehavior [ RunTime:0.000005s ]
INFO: [ app_init ] --END-- [ RunTime:0.000018s ]
INFO: [ app_begin ] --START--
INFO: Run Behavior\ReadHtmlCacheBehavior [ RunTime:0.000030s ]
INFO: [ app_begin ] --END-- [ RunTime:0.000041s ]
SQL: SHOW COLUMNS FROM `lr_program` [ RunTime:0.0008s ]
SQL: SELECT * FROM `lr_program` WHERE ( id=1 ) LIMIT 1   [ RunTime:0.0003s ]
INFO: [ view_parse ] --START--
INFO: [ template_filter ] --START--
INFO: Run Behavior\ContentReplaceBehavior [ RunTime:0.000034s ]
INFO: [ template_filter ] --END-- [ RunTime:0.000050s ]
INFO: Run Behavior\ParseTemplateBehavior [ RunTime:0.001480s ]
INFO: [ view_parse ] --END-- [ RunTime:0.001500s ]
INFO: [ view_filter ] --START--
INFO: Run Behavior\WriteHtmlCacheBehavior [ RunTime:0.000039s ]
INFO: [ view_filter ] --END-- [ RunTime:0.000046s ]
INFO: [ app_end ] --START--
INFO: Run Behavior\ShowPageTraceBehavior [ RunTime:0.000028s ]
INFO: [ app_end ] --END-- [ RunTime:0.000035s ]

[ 2018-05-31T13:39:58+08:00 ] 127.0.0.1 /index.php/Admin/Zhuti/add.html
NOTIC: [2] Use of undefined constant SHOW_PAGE_TRACE - assumed 'SHOW_PAGE_TRACE' (this will throw an Error in a future version of PHP) /Users/mutou/Workspace/phpspace/wxapp/back/App/Common/Conf/debug.php 第 4 行.
INFO: [ app_init ] --START--
INFO: Run Behavior\BuildLiteBehavior [ RunTime:0.000005s ]
INFO: [ app_init ] --END-- [ RunTime:0.000019s ]
INFO: [ app_begin ] --START--
INFO: Run Behavior\ReadHtmlCacheBehavior [ RunTime:0.000024s ]
INFO: [ app_begin ] --END-- [ RunTime:0.000035s ]
SQL: SHOW COLUMNS FROM `lr_zhuti` [ RunTime:0.0004s ]
NOTIC: [8] Undefined index: adv_id /Users/mutou/Workspace/phpspace/wxapp/back/App/Admin/Controller/ZhutiController.class.php 第 65 行.
INFO: [ view_parse ] --START--
INFO: [ template_filter ] --START--
INFO: Run Behavior\ContentReplaceBehavior [ RunTime:0.000044s ]
INFO: [ template_filter ] --END-- [ RunTime:0.000064s ]
NOTIC: [8] Undefined variable: adv_info /Users/mutou/Workspace/phpspace/wxapp/back/App/Runtime/Cache/Admin/890a0089ee605c676fa0630ddbbb4448.php 第 35 行.
NOTIC: [8] Undefined variable: adv_info /Users/mutou/Workspace/phpspace/wxapp/back/App/Runtime/Cache/Admin/890a0089ee605c676fa0630ddbbb4448.php 第 39 行.
NOTIC: [8] Undefined variable: adv_info /Users/mutou/Workspace/phpspace/wxapp/back/App/Runtime/Cache/Admin/890a0089ee605c676fa0630ddbbb4448.php 第 43 行.
NOTIC: [8] Undefined variable: adv_info /Users/mutou/Workspace/phpspace/wxapp/back/App/Runtime/Cache/Admin/890a0089ee605c676fa0630ddbbb4448.php 第 51 行.
NOTIC: [8] Undefined variable: adv_info /Users/mutou/Workspace/phpspace/wxapp/back/App/Runtime/Cache/Admin/890a0089ee605c676fa0630ddbbb4448.php 第 61 行.
NOTIC: [8] Undefined variable: adv_info /Users/mutou/Workspace/phpspace/wxapp/back/App/Runtime/Cache/Admin/890a0089ee605c676fa0630ddbbb4448.php 第 62 行.
NOTIC: [8] Undefined variable: adv_info /Users/mutou/Workspace/phpspace/wxapp/back/App/Runtime/Cache/Admin/890a0089ee605c676fa0630ddbbb4448.php 第 80 行.
NOTIC: [8] Undefined variable: adv_info /Users/mutou/Workspace/phpspace/wxapp/back/App/Runtime/Cache/Admin/890a0089ee605c676fa0630ddbbb4448.php 第 89 行.
NOTIC: [8] Undefined variable: adv_info /Users/mutou/Workspace/phpspace/wxapp/back/App/Runtime/Cache/Admin/890a0089ee605c676fa0630ddbbb4448.php 第 93 行.
NOTIC: [8] Undefined variable: adv_info /Users/mutou/Workspace/phpspace/wxapp/back/App/Runtime/Cache/Admin/890a0089ee605c676fa0630ddbbb4448.php 第 101 行.
NOTIC: [8] Undefined variable: adv_info /Users/mutou/Workspace/phpspace/wxapp/back/App/Runtime/Cache/Admin/890a0089ee605c676fa0630ddbbb4448.php 第 109 行.
INFO: Run Behavior\ParseTemplateBehavior [ RunTime:0.002461s ]
INFO: [ view_parse ] --END-- [ RunTime:0.002480s ]
INFO: [ view_filter ] --START--
INFO: Run Behavior\WriteHtmlCacheBehavior [ RunTime:0.000048s ]
INFO: [ view_filter ] --END-- [ RunTime:0.000060s ]
INFO: [ app_end ] --START--
INFO: Run Behavior\ShowPageTraceBehavior [ RunTime:0.000027s ]
INFO: [ app_end ] --END-- [ RunTime:0.000034s ]

[ 2018-05-31T13:40:10+08:00 ] 127.0.0.1 /index.php/Admin/Zhuti/index.html
NOTIC: [2] Use of undefined constant SHOW_PAGE_TRACE - assumed 'SHOW_PAGE_TRACE' (this will throw an Error in a future version of PHP) /Users/mutou/Workspace/phpspace/wxapp/back/App/Common/Conf/debug.php 第 4 行.
INFO: [ app_init ] --START--
INFO: Run Behavior\BuildLiteBehavior [ RunTime:0.000005s ]
INFO: [ app_init ] --END-- [ RunTime:0.000018s ]
INFO: [ app_begin ] --START--
INFO: Run Behavior\ReadHtmlCacheBehavior [ RunTime:0.000024s ]
INFO: [ app_begin ] --END-- [ RunTime:0.000034s ]
SQL: SHOW COLUMNS FROM `lr_zhuti` [ RunTime:0.0006s ]
NOTIC: [8] Undefined index: adv_name /Users/mutou/Workspace/phpspace/wxapp/back/App/Admin/Controller/ZhutiController.class.php 第 20 行.
SQL: SELECT COUNT(*) AS tp_count FROM `lr_zhuti` LIMIT 1   [ RunTime:0.0002s ]
SQL: SELECT * FROM `lr_zhuti` ORDER BY addtime desc LIMIT 0,20   [ RunTime:0.0004s ]
INFO: [ view_parse ] --START--
INFO: [ template_filter ] --START--
INFO: Run Behavior\ContentReplaceBehavior [ RunTime:0.000036s ]
INFO: [ template_filter ] --END-- [ RunTime:0.000057s ]
NOTIC: [8] Undefined variable: name /Users/mutou/Workspace/phpspace/wxapp/back/App/Runtime/Cache/Admin/97f3e6fe791f61f120f835c49fda3b1e.php 第 33 行.
NOTIC: [8] Undefined variable: type /Users/mutou/Workspace/phpspace/wxapp/back/App/Runtime/Cache/Admin/97f3e6fe791f61f120f835c49fda3b1e.php 第 90 行.
INFO: Run Behavior\ParseTemplateBehavior [ RunTime:0.002651s ]
INFO: [ view_parse ] --END-- [ RunTime:0.002669s ]
INFO: [ view_filter ] --START--
INFO: Run Behavior\WriteHtmlCacheBehavior [ RunTime:0.000050s ]
INFO: [ view_filter ] --END-- [ RunTime:0.000060s ]
INFO: [ app_end ] --START--
INFO: Run Behavior\ShowPageTraceBehavior [ RunTime:0.000035s ]
INFO: [ app_end ] --END-- [ RunTime:0.000046s ]

[ 2018-05-31T19:49:32+08:00 ] 127.0.0.1 /Admin/Index/index.html
NOTIC: [2] Use of undefined constant SHOW_PAGE_TRACE - assumed 'SHOW_PAGE_TRACE' (this will throw an Error in a future version of PHP) /Users/mutou/Workspace/phpspace/wxapp/back/App/Common/Conf/debug.php 第 4 行.
INFO: [ app_init ] --START--
INFO: Run Behavior\BuildLiteBehavior [ RunTime:0.000005s ]
INFO: [ app_init ] --END-- [ RunTime:0.000018s ]
INFO: [ app_begin ] --START--
INFO: Run Behavior\ReadHtmlCacheBehavior [ RunTime:0.000031s ]
INFO: [ app_begin ] --END-- [ RunTime:0.000041s ]
SQL: SHOW COLUMNS FROM `lr_web` [ RunTime:0.0006s ]
SQL: SELECT `concent` FROM `lr_web` WHERE ( id=5 ) LIMIT 1   [ RunTime:0.0002s ]
INFO: [ view_parse ] --START--
INFO: [ template_filter ] --START--
INFO: Run Behavior\ContentReplaceBehavior [ RunTime:0.000041s ]
INFO: [ template_filter ] --END-- [ RunTime:0.000060s ]
INFO: Run Behavior\ParseTemplateBehavior [ RunTime:0.002267s ]
INFO: [ view_parse ] --END-- [ RunTime:0.002297s ]
INFO: [ view_filter ] --START--
INFO: Run Behavior\WriteHtmlCacheBehavior [ RunTime:0.000058s ]
INFO: [ view_filter ] --END-- [ RunTime:0.000067s ]
INFO: [ app_end ] --START--
INFO: Run Behavior\ShowPageTraceBehavior [ RunTime:0.000056s ]
INFO: [ app_end ] --END-- [ RunTime:0.000092s ]

[ 2018-05-31T19:51:14+08:00 ] 127.0.0.1 /Admin/Index/index.html
NOTIC: [2] Use of undefined constant SHOW_PAGE_TRACE - assumed 'SHOW_PAGE_TRACE' (this will throw an Error in a future version of PHP) /Users/mutou/Workspace/phpspace/wxapp/back/App/Common/Conf/debug.php 第 4 行.
INFO: [ app_init ] --START--
INFO: Run Behavior\BuildLiteBehavior [ RunTime:0.000004s ]
INFO: [ app_init ] --END-- [ RunTime:0.000017s ]
INFO: [ app_begin ] --START--
INFO: Run Behavior\ReadHtmlCacheBehavior [ RunTime:0.000029s ]
INFO: [ app_begin ] --END-- [ RunTime:0.000040s ]
SQL: SHOW COLUMNS FROM `lr_web` [ RunTime:0.0006s ]
SQL: SELECT `concent` FROM `lr_web` WHERE ( id=5 ) LIMIT 1   [ RunTime:0.0003s ]
INFO: [ view_parse ] --START--
INFO: [ template_filter ] --START--
INFO: Run Behavior\ContentReplaceBehavior [ RunTime:0.000037s ]
INFO: [ template_filter ] --END-- [ RunTime:0.000052s ]
INFO: Run Behavior\ParseTemplateBehavior [ RunTime:0.002042s ]
INFO: [ view_parse ] --END-- [ RunTime:0.002061s ]
INFO: [ view_filter ] --START--
INFO: Run Behavior\WriteHtmlCacheBehavior [ RunTime:0.000036s ]
INFO: [ view_filter ] --END-- [ RunTime:0.000044s ]
INFO: [ app_end ] --START--
INFO: Run Behavior\ShowPageTraceBehavior [ RunTime:0.000073s ]
INFO: [ app_end ] --END-- [ RunTime:0.000089s ]

