[ 2018-06-01T06:44:39+08:00 ] 127.0.0.1 /Admin
NOTIC: [2] Use of undefined constant SHOW_PAGE_TRACE - assumed 'SHOW_PAGE_TRACE' (this will throw an Error in a future version of PHP) /Users/mutou/Workspace/phpspace/wxapp/back/App/Common/Conf/debug.php 第 4 行.
INFO: [ app_init ] --START--
INFO: Run Behavior\BuildLiteBehavior [ RunTime:0.000004s ]
INFO: [ app_init ] --END-- [ RunTime:0.000017s ]
INFO: [ app_begin ] --START--
INFO: Run Behavior\ReadHtmlCacheBehavior [ RunTime:0.000031s ]
INFO: [ app_begin ] --END-- [ RunTime:0.000041s ]
SQL: SHOW COLUMNS FROM `lr_web` [ RunTime:0.0007s ]
SQL: SELECT `concent` FROM `lr_web` WHERE ( id=5 ) LIMIT 1   [ RunTime:0.0003s ]
INFO: [ view_parse ] --START--
INFO: [ template_filter ] --START--
INFO: Run Behavior\ContentReplaceBehavior [ RunTime:0.000044s ]
INFO: [ template_filter ] --END-- [ RunTime:0.000071s ]
INFO: Run Behavior\ParseTemplateBehavior [ RunTime:0.042940s ]
INFO: [ view_parse ] --END-- [ RunTime:0.042966s ]
INFO: [ view_filter ] --START--
INFO: Run Behavior\WriteHtmlCacheBehavior [ RunTime:0.000181s ]
INFO: [ view_filter ] --END-- [ RunTime:0.000204s ]
INFO: [ app_end ] --START--
INFO: Run Behavior\ShowPageTraceBehavior [ RunTime:0.000115s ]
INFO: [ app_end ] --END-- [ RunTime:0.000141s ]

[ 2018-06-01T06:49:11+08:00 ] 127.0.0.1 /Admin
NOTIC: [2] Use of undefined constant SHOW_PAGE_TRACE - assumed 'SHOW_PAGE_TRACE' (this will throw an Error in a future version of PHP) /Users/mutou/Workspace/phpspace/wxapp/back/App/Common/Conf/debug.php 第 4 行.
INFO: [ app_init ] --START--
INFO: Run Behavior\BuildLiteBehavior [ RunTime:0.000008s ]
INFO: [ app_init ] --END-- [ RunTime:0.000031s ]
INFO: [ app_begin ] --START--
INFO: Run Behavior\ReadHtmlCacheBehavior [ RunTime:0.000048s ]
INFO: [ app_begin ] --END-- [ RunTime:0.000067s ]
SQL: SHOW COLUMNS FROM `lr_web` [ RunTime:0.0032s ]
SQL: SELECT `concent` FROM `lr_web` WHERE ( id=5 ) LIMIT 1   [ RunTime:0.0003s ]
INFO: [ view_parse ] --START--
INFO: [ template_filter ] --START--
INFO: Run Behavior\ContentReplaceBehavior [ RunTime:0.000049s ]
INFO: [ template_filter ] --END-- [ RunTime:0.000077s ]
INFO: Run Behavior\ParseTemplateBehavior [ RunTime:0.003194s ]
INFO: [ view_parse ] --END-- [ RunTime:0.003220s ]
INFO: [ view_filter ] --START--
INFO: Run Behavior\WriteHtmlCacheBehavior [ RunTime:0.000056s ]
INFO: [ view_filter ] --END-- [ RunTime:0.000069s ]
INFO: [ app_end ] --START--
INFO: Run Behavior\ShowPageTraceBehavior [ RunTime:0.000084s ]
INFO: [ app_end ] --END-- [ RunTime:0.000104s ]

[ 2018-06-01T06:49:11+08:00 ] 127.0.0.1 /Admin/Page/adminindex.html
NOTIC: [2] Use of undefined constant SHOW_PAGE_TRACE - assumed 'SHOW_PAGE_TRACE' (this will throw an Error in a future version of PHP) /Users/mutou/Workspace/phpspace/wxapp/back/App/Common/Conf/debug.php 第 4 行.
INFO: [ app_init ] --START--
INFO: Run Behavior\BuildLiteBehavior [ RunTime:0.000008s ]
INFO: [ app_init ] --END-- [ RunTime:0.000034s ]
INFO: [ app_begin ] --START--
INFO: Run Behavior\ReadHtmlCacheBehavior [ RunTime:0.000040s ]
INFO: [ app_begin ] --END-- [ RunTime:0.000068s ]
INFO: [ view_parse ] --START--
INFO: [ template_filter ] --START--
INFO: Run Behavior\ContentReplaceBehavior [ RunTime:0.000030s ]
INFO: [ template_filter ] --END-- [ RunTime:0.000063s ]
INFO: Run Behavior\ParseTemplateBehavior [ RunTime:0.002826s ]
INFO: [ view_parse ] --END-- [ RunTime:0.002861s ]
INFO: [ view_filter ] --START--
INFO: Run Behavior\WriteHtmlCacheBehavior [ RunTime:0.000043s ]
INFO: [ view_filter ] --END-- [ RunTime:0.000056s ]
INFO: [ app_end ] --START--
INFO: Run Behavior\ShowPageTraceBehavior [ RunTime:0.000026s ]
INFO: [ app_end ] --END-- [ RunTime:0.000038s ]

[ 2018-06-01T06:49:15+08:00 ] 127.0.0.1 /Admin/Zhuti/add.html
NOTIC: [2] Use of undefined constant SHOW_PAGE_TRACE - assumed 'SHOW_PAGE_TRACE' (this will throw an Error in a future version of PHP) /Users/mutou/Workspace/phpspace/wxapp/back/App/Common/Conf/debug.php 第 4 行.
INFO: [ app_init ] --START--
INFO: Run Behavior\BuildLiteBehavior [ RunTime:0.000008s ]
INFO: [ app_init ] --END-- [ RunTime:0.000034s ]
INFO: [ app_begin ] --START--
INFO: Run Behavior\ReadHtmlCacheBehavior [ RunTime:0.000048s ]
INFO: [ app_begin ] --END-- [ RunTime:0.000065s ]
SQL: SHOW COLUMNS FROM `lr_zhuti` [ RunTime:0.0010s ]
NOTIC: [8] Undefined index: adv_id /Users/mutou/Workspace/phpspace/wxapp/back/App/Admin/Controller/ZhutiController.class.php 第 65 行.
INFO: [ view_parse ] --START--
INFO: [ template_filter ] --START--
INFO: Run Behavior\ContentReplaceBehavior [ RunTime:0.000050s ]
INFO: [ template_filter ] --END-- [ RunTime:0.000081s ]
NOTIC: [8] Undefined variable: adv_info /Users/mutou/Workspace/phpspace/wxapp/back/App/Runtime/Cache/Admin/890a0089ee605c676fa0630ddbbb4448.php 第 35 行.
NOTIC: [8] Undefined variable: adv_info /Users/mutou/Workspace/phpspace/wxapp/back/App/Runtime/Cache/Admin/890a0089ee605c676fa0630ddbbb4448.php 第 39 行.
NOTIC: [8] Undefined variable: adv_info /Users/mutou/Workspace/phpspace/wxapp/back/App/Runtime/Cache/Admin/890a0089ee605c676fa0630ddbbb4448.php 第 43 行.
NOTIC: [8] Undefined variable: adv_info /Users/mutou/Workspace/phpspace/wxapp/back/App/Runtime/Cache/Admin/890a0089ee605c676fa0630ddbbb4448.php 第 51 行.
NOTIC: [8] Undefined variable: adv_info /Users/mutou/Workspace/phpspace/wxapp/back/App/Runtime/Cache/Admin/890a0089ee605c676fa0630ddbbb4448.php 第 61 行.
NOTIC: [8] Undefined variable: adv_info /Users/mutou/Workspace/phpspace/wxapp/back/App/Runtime/Cache/Admin/890a0089ee605c676fa0630ddbbb4448.php 第 62 行.
NOTIC: [8] Undefined variable: adv_info /Users/mutou/Workspace/phpspace/wxapp/back/App/Runtime/Cache/Admin/890a0089ee605c676fa0630ddbbb4448.php 第 80 行.
NOTIC: [8] Undefined variable: adv_info /Users/mutou/Workspace/phpspace/wxapp/back/App/Runtime/Cache/Admin/890a0089ee605c676fa0630ddbbb4448.php 第 89 行.
NOTIC: [8] Undefined variable: adv_info /Users/mutou/Workspace/phpspace/wxapp/back/App/Runtime/Cache/Admin/890a0089ee605c676fa0630ddbbb4448.php 第 93 行.
NOTIC: [8] Undefined variable: adv_info /Users/mutou/Workspace/phpspace/wxapp/back/App/Runtime/Cache/Admin/890a0089ee605c676fa0630ddbbb4448.php 第 101 行.
NOTIC: [8] Undefined variable: adv_info /Users/mutou/Workspace/phpspace/wxapp/back/App/Runtime/Cache/Admin/890a0089ee605c676fa0630ddbbb4448.php 第 109 行.
INFO: Run Behavior\ParseTemplateBehavior [ RunTime:0.005570s ]
INFO: [ view_parse ] --END-- [ RunTime:0.005596s ]
INFO: [ view_filter ] --START--
INFO: Run Behavior\WriteHtmlCacheBehavior [ RunTime:0.000057s ]
INFO: [ view_filter ] --END-- [ RunTime:0.000069s ]
INFO: [ app_end ] --START--
INFO: Run Behavior\ShowPageTraceBehavior [ RunTime:0.000035s ]
INFO: [ app_end ] --END-- [ RunTime:0.000046s ]

[ 2018-06-01T06:49:17+08:00 ] 127.0.0.1 /Admin/Zhuti/index.html
NOTIC: [2] Use of undefined constant SHOW_PAGE_TRACE - assumed 'SHOW_PAGE_TRACE' (this will throw an Error in a future version of PHP) /Users/mutou/Workspace/phpspace/wxapp/back/App/Common/Conf/debug.php 第 4 行.
INFO: [ app_init ] --START--
INFO: Run Behavior\BuildLiteBehavior [ RunTime:0.000005s ]
INFO: [ app_init ] --END-- [ RunTime:0.000023s ]
INFO: [ app_begin ] --START--
INFO: Run Behavior\ReadHtmlCacheBehavior [ RunTime:0.000022s ]
INFO: [ app_begin ] --END-- [ RunTime:0.000036s ]
SQL: SHOW COLUMNS FROM `lr_zhuti` [ RunTime:0.0006s ]
NOTIC: [8] Undefined index: adv_name /Users/mutou/Workspace/phpspace/wxapp/back/App/Admin/Controller/ZhutiController.class.php 第 20 行.
SQL: SELECT COUNT(*) AS tp_count FROM `lr_zhuti` LIMIT 1   [ RunTime:0.0002s ]
SQL: SELECT * FROM `lr_zhuti` ORDER BY addtime desc LIMIT 0,20   [ RunTime:0.0004s ]
INFO: [ view_parse ] --START--
INFO: [ template_filter ] --START--
INFO: Run Behavior\ContentReplaceBehavior [ RunTime:0.000035s ]
INFO: [ template_filter ] --END-- [ RunTime:0.000055s ]
NOTIC: [8] Undefined variable: name /Users/mutou/Workspace/phpspace/wxapp/back/App/Runtime/Cache/Admin/97f3e6fe791f61f120f835c49fda3b1e.php 第 33 行.
NOTIC: [8] Undefined variable: type /Users/mutou/Workspace/phpspace/wxapp/back/App/Runtime/Cache/Admin/97f3e6fe791f61f120f835c49fda3b1e.php 第 90 行.
INFO: Run Behavior\ParseTemplateBehavior [ RunTime:0.002980s ]
INFO: [ view_parse ] --END-- [ RunTime:0.002996s ]
INFO: [ view_filter ] --START--
INFO: Run Behavior\WriteHtmlCacheBehavior [ RunTime:0.000029s ]
INFO: [ view_filter ] --END-- [ RunTime:0.000036s ]
INFO: [ app_end ] --START--
INFO: Run Behavior\ShowPageTraceBehavior [ RunTime:0.000017s ]
INFO: [ app_end ] --END-- [ RunTime:0.000023s ]

